This is pdfTeX, Version 3.141592653-2.6-1.40.27 (TeX Live 2025) (preloaded format=pdflatex 2025.3.12)  25 MAR 2025 17:12
entering extended mode
 restricted \write18 enabled.
 %&-line parsing enabled.
**moebius-main.tex
(./moebius-main.tex
LaTeX2e <2024-11-01> patch level 2
L3 programming layer <2025-01-18>
(/Users/cambroise/Library/TinyTeX/texmf-dist/tex/latex/elsarticle/elsarticle.cls
Document Class: elsarticle 2025/01/11, 3.4c: Elsevier Ltd
(/Users/cambroise/Library/TinyTeX/texmf-dist/tex/latex/base/fontenc.sty
Package: fontenc 2021/04/29 v2.0v Standard LaTeX package
) (/Users/cambroise/Library/TinyTeX/texmf-dist/tex/latex/l3kernel/expl3.sty
Package: expl3 2025-01-18 L3 programming layer (loader) 
 (/Users/cambroise/Library/TinyTeX/texmf-dist/tex/latex/l3backend/l3backend-pdftex.def
File: l3backend-pdftex.def 2024-05-08 L3 backend support: PDF output (pdfTeX)
\l__color_backend_stack_int=\count196
\l__pdf_internal_box=\box52
)) (/Users/cambroise/Library/TinyTeX/texmf-dist/tex/latex/l3packages/xparse/xparse.sty
Package: xparse 2024-08-16 L3 Experimental document command parser
) (/Users/cambroise/Library/TinyTeX/texmf-dist/tex/latex/etoolbox/etoolbox.sty
Package: etoolbox 2025/02/11 v2.5l e-TeX tools for LaTeX (JAW)
\etb@tempcnta=\count197
)
\@bls=\dimen141
 (/Users/cambroise/Library/TinyTeX/texmf-dist/tex/latex/base/article.cls
Document Class: article 2024/06/29 v1.4n Standard LaTeX document class
(/Users/cambroise/Library/TinyTeX/texmf-dist/tex/latex/base/size12.clo
File: size12.clo 2024/06/29 v1.4n Standard LaTeX file (size option)
)
\c@part=\count198
\c@section=\count199
\c@subsection=\count266
\c@subsubsection=\count267
\c@paragraph=\count268
\c@subparagraph=\count269
\c@figure=\count270
\c@table=\count271
\abovecaptionskip=\skip49
\belowcaptionskip=\skip50
\bibindent=\dimen142
) (/Users/cambroise/Library/TinyTeX/texmf-dist/tex/latex/graphics/graphicx.sty
Package: graphicx 2021/09/16 v1.2d Enhanced LaTeX Graphics (DPC,SPQR)
 (/Users/cambroise/Library/TinyTeX/texmf-dist/tex/latex/graphics/keyval.sty
Package: keyval 2022/05/29 v1.15 key=value parser (DPC)
\KV@toks@=\toks17
) (/Users/cambroise/Library/TinyTeX/texmf-dist/tex/latex/graphics/graphics.sty
Package: graphics 2024/08/06 v1.4g Standard LaTeX Graphics (DPC,SPQR)
 (/Users/cambroise/Library/TinyTeX/texmf-dist/tex/latex/graphics/trig.sty
Package: trig 2023/12/02 v1.11 sin cos tan (DPC)
) (/Users/cambroise/Library/TinyTeX/texmf-dist/tex/latex/graphics-cfg/graphics.cfg
File: graphics.cfg 2016/06/04 v1.11 sample graphics configuration
)
Package graphics Info: Driver file: pdftex.def on input line 106.
 (/Users/cambroise/Library/TinyTeX/texmf-dist/tex/latex/graphics-def/pdftex.def
File: pdftex.def 2024/04/13 v1.2c Graphics/color driver for pdftex
))
\Gin@req@height=\dimen143
\Gin@req@width=\dimen144
)
\c@tnote=\count272
\c@fnote=\count273
\c@cnote=\count274
\c@ead=\count275
\c@elsarticle@author=\count276
\@eadauthor=\toks18
\c@affn=\count277
\absbox=\box53
\elsarticlehighlightsbox=\box54
\elsarticlegrabsbox=\box55
\keybox=\box56
\Columnwidth=\dimen145
\space@left=\dimen146
\els@boxa=\box57
\els@boxb=\box58
\leftMargin=\dimen147
\@enLab=\toks19
\@sep=\skip51
\@@sep=\skip52
 (./moebius-main.spl) (/Users/cambroise/Library/TinyTeX/texmf-dist/tex/latex/natbib/natbib.sty
Package: natbib 2010/09/13 8.31b (PWD, AO)
\bibhang=\skip53
\bibsep=\skip54
LaTeX Info: Redefining \cite on input line 694.
\c@NAT@ctr=\count278
)
\splwrite=\write3
\openout3 = `moebius-main.spl'.

\appnamewidth=\dimen148
) (/Users/cambroise/Library/TinyTeX/texmf-dist/tex/latex/amsfonts/amssymb.sty
Package: amssymb 2013/01/14 v3.01 AMS font symbols
 (/Users/cambroise/Library/TinyTeX/texmf-dist/tex/latex/amsfonts/amsfonts.sty
Package: amsfonts 2013/01/14 v3.01 Basic AMSFonts support
\@emptytoks=\toks20
\symAMSa=\mathgroup4
\symAMSb=\mathgroup5
LaTeX Font Info:    Redeclaring math symbol \hbar on input line 98.
LaTeX Font Info:    Overwriting math alphabet `\mathfrak' in version `bold'
(Font)                  U/euf/m/n --> U/euf/b/n on input line 106.
)) (/Users/cambroise/Library/TinyTeX/texmf-dist/tex/latex/amsmath/amsmath.sty
Package: amsmath 2024/11/05 v2.17t AMS math features
\@mathmargin=\skip55

For additional information on amsmath, use the `?' option.
(/Users/cambroise/Library/TinyTeX/texmf-dist/tex/latex/amsmath/amstext.sty
Package: amstext 2021/08/26 v2.01 AMS text
 (/Users/cambroise/Library/TinyTeX/texmf-dist/tex/latex/amsmath/amsgen.sty
File: amsgen.sty 1999/11/30 v2.0 generic functions
\@emptytoks=\toks21
\ex@=\dimen149
)) (/Users/cambroise/Library/TinyTeX/texmf-dist/tex/latex/amsmath/amsbsy.sty
Package: amsbsy 1999/11/29 v1.2d Bold Symbols
\pmbraise@=\dimen150
) (/Users/cambroise/Library/TinyTeX/texmf-dist/tex/latex/amsmath/amsopn.sty
Package: amsopn 2022/04/08 v2.04 operator names
)
\inf@bad=\count279
LaTeX Info: Redefining \frac on input line 233.
\uproot@=\count280
\leftroot@=\count281
LaTeX Info: Redefining \overline on input line 398.
LaTeX Info: Redefining \colon on input line 409.
\classnum@=\count282
\DOTSCASE@=\count283
LaTeX Info: Redefining \ldots on input line 495.
LaTeX Info: Redefining \dots on input line 498.
LaTeX Info: Redefining \cdots on input line 619.
\Mathstrutbox@=\box59
\strutbox@=\box60
LaTeX Info: Redefining \big on input line 721.
LaTeX Info: Redefining \Big on input line 722.
LaTeX Info: Redefining \bigg on input line 723.
LaTeX Info: Redefining \Bigg on input line 724.
\big@size=\dimen151
LaTeX Font Info:    Redeclaring font encoding OML on input line 742.
LaTeX Font Info:    Redeclaring font encoding OMS on input line 743.
\macc@depth=\count284
LaTeX Info: Redefining \bmod on input line 904.
LaTeX Info: Redefining \pmod on input line 909.
LaTeX Info: Redefining \smash on input line 939.
LaTeX Info: Redefining \relbar on input line 969.
LaTeX Info: Redefining \Relbar on input line 970.
\c@MaxMatrixCols=\count285
\dotsspace@=\muskip17
\c@parentequation=\count286
\dspbrk@lvl=\count287
\tag@help=\toks22
\row@=\count288
\column@=\count289
\maxfields@=\count290
\andhelp@=\toks23
\eqnshift@=\dimen152
\alignsep@=\dimen153
\tagshift@=\dimen154
\tagwidth@=\dimen155
\totwidth@=\dimen156
\lineht@=\dimen157
\@envbody=\toks24
\multlinegap=\skip56
\multlinetaggap=\skip57
\mathdisplay@stack=\toks25
LaTeX Info: Redefining \[ on input line 2953.
LaTeX Info: Redefining \] on input line 2954.
) (/Users/cambroise/Library/TinyTeX/texmf-dist/tex/latex/hyperref/hyperref.sty
Package: hyperref 2024-11-05 v7.01l Hypertext links for LaTeX
 (/Users/cambroise/Library/TinyTeX/texmf-dist/tex/generic/iftex/iftex.sty
Package: iftex 2024/12/12 v1.0g TeX engine tests
) (/Users/cambroise/Library/TinyTeX/texmf-dist/tex/latex/kvsetkeys/kvsetkeys.sty
Package: kvsetkeys 2022-10-05 v1.19 Key value parser (HO)
) (/Users/cambroise/Library/TinyTeX/texmf-dist/tex/generic/kvdefinekeys/kvdefinekeys.sty
Package: kvdefinekeys 2019-12-19 v1.6 Define keys (HO)
) (/Users/cambroise/Library/TinyTeX/texmf-dist/tex/generic/pdfescape/pdfescape.sty
Package: pdfescape 2019/12/09 v1.15 Implements pdfTeX's escape features (HO)
 (/Users/cambroise/Library/TinyTeX/texmf-dist/tex/generic/ltxcmds/ltxcmds.sty
Package: ltxcmds 2023-12-04 v1.26 LaTeX kernel commands for general use (HO)
) (/Users/cambroise/Library/TinyTeX/texmf-dist/tex/generic/pdftexcmds/pdftexcmds.sty
Package: pdftexcmds 2020-06-27 v0.33 Utility functions of pdfTeX for LuaTeX (HO)
 (/Users/cambroise/Library/TinyTeX/texmf-dist/tex/generic/infwarerr/infwarerr.sty
Package: infwarerr 2019/12/03 v1.5 Providing info/warning/error messages (HO)
)
Package pdftexcmds Info: \pdf@primitive is available.
Package pdftexcmds Info: \pdf@ifprimitive is available.
Package pdftexcmds Info: \pdfdraftmode found.
)) (/Users/cambroise/Library/TinyTeX/texmf-dist/tex/latex/hycolor/hycolor.sty
Package: hycolor 2020-01-27 v1.10 Color options for hyperref/bookmark (HO)
) (/Users/cambroise/Library/TinyTeX/texmf-dist/tex/latex/hyperref/nameref.sty
Package: nameref 2023-11-26 v2.56 Cross-referencing by name of section
 (/Users/cambroise/Library/TinyTeX/texmf-dist/tex/latex/refcount/refcount.sty
Package: refcount 2019/12/15 v3.6 Data extraction from label references (HO)
) (/Users/cambroise/Library/TinyTeX/texmf-dist/tex/generic/gettitlestring/gettitlestring.sty
Package: gettitlestring 2019/12/15 v1.6 Cleanup title references (HO)
 (/Users/cambroise/Library/TinyTeX/texmf-dist/tex/latex/kvoptions/kvoptions.sty
Package: kvoptions 2022-06-15 v3.15 Key value format for package options (HO)
))
\c@section@level=\count291
) (/Users/cambroise/Library/TinyTeX/texmf-dist/tex/generic/stringenc/stringenc.sty
Package: stringenc 2019/11/29 v1.12 Convert strings between diff. encodings (HO)
)
\@linkdim=\dimen158
\Hy@linkcounter=\count292
\Hy@pagecounter=\count293
 (/Users/cambroise/Library/TinyTeX/texmf-dist/tex/latex/hyperref/pd1enc.def
File: pd1enc.def 2024-11-05 v7.01l Hyperref: PDFDocEncoding definition (HO)
Now handling font encoding PD1 ...
... no UTF-8 mapping file for font encoding PD1
) (/Users/cambroise/Library/TinyTeX/texmf-dist/tex/generic/intcalc/intcalc.sty
Package: intcalc 2019/12/15 v1.3 Expandable calculations with integers (HO)
)
\Hy@SavedSpaceFactor=\count294
 (/Users/cambroise/Library/TinyTeX/texmf-dist/tex/latex/hyperref/puenc.def
File: puenc.def 2024-11-05 v7.01l Hyperref: PDF Unicode definition (HO)
Now handling font encoding PU ...
... no UTF-8 mapping file for font encoding PU
)
Package hyperref Info: Hyper figures OFF on input line 4157.
Package hyperref Info: Link nesting OFF on input line 4162.
Package hyperref Info: Hyper index ON on input line 4165.
Package hyperref Info: Plain pages OFF on input line 4172.
Package hyperref Info: Backreferencing OFF on input line 4177.
Package hyperref Info: Implicit mode ON; LaTeX internals redefined.
Package hyperref Info: Bookmarks ON on input line 4424.
\c@Hy@tempcnt=\count295
 (/Users/cambroise/Library/TinyTeX/texmf-dist/tex/latex/url/url.sty
\Urlmuskip=\muskip18
Package: url 2013/09/16  ver 3.4  Verb mode for urls, etc.
)
LaTeX Info: Redefining \url on input line 4763.
\XeTeXLinkMargin=\dimen159
 (/Users/cambroise/Library/TinyTeX/texmf-dist/tex/generic/bitset/bitset.sty
Package: bitset 2019/12/09 v1.3 Handle bit-vector datatype (HO)
 (/Users/cambroise/Library/TinyTeX/texmf-dist/tex/generic/bigintcalc/bigintcalc.sty
Package: bigintcalc 2019/12/15 v1.5 Expandable calculations on big integers (HO)
))
\Fld@menulength=\count296
\Field@Width=\dimen160
\Fld@charsize=\dimen161
Package hyperref Info: Hyper figures OFF on input line 6042.
Package hyperref Info: Link nesting OFF on input line 6047.
Package hyperref Info: Hyper index ON on input line 6050.
Package hyperref Info: backreferencing OFF on input line 6057.
Package hyperref Info: Link coloring OFF on input line 6062.
Package hyperref Info: Link coloring with OCG OFF on input line 6067.
Package hyperref Info: PDF/A mode OFF on input line 6072.
 (/Users/cambroise/Library/TinyTeX/texmf-dist/tex/latex/base/atbegshi-ltx.sty
Package: atbegshi-ltx 2021/01/10 v1.0c Emulation of the original atbegshi
package with kernel methods
)
\Hy@abspage=\count297
\c@Item=\count298
\c@Hfootnote=\count299
)
Package hyperref Info: Driver (autodetected): hpdftex.
 (/Users/cambroise/Library/TinyTeX/texmf-dist/tex/latex/hyperref/hpdftex.def
File: hpdftex.def 2024-11-05 v7.01l Hyperref driver for pdfTeX
 (/Users/cambroise/Library/TinyTeX/texmf-dist/tex/latex/base/atveryend-ltx.sty
Package: atveryend-ltx 2020/08/19 v1.0a Emulation of the original atveryend package
with kernel methods
)
\Fld@listcount=\count300
\c@bookmark@seq@number=\count301
 (/Users/cambroise/Library/TinyTeX/texmf-dist/tex/latex/rerunfilecheck/rerunfilecheck.sty
Package: rerunfilecheck 2022-07-10 v1.10 Rerun checks for auxiliary files (HO)
 (/Users/cambroise/Library/TinyTeX/texmf-dist/tex/generic/uniquecounter/uniquecounter.sty
Package: uniquecounter 2019/12/15 v1.4 Provide unlimited unique counter (HO)
)
Package uniquecounter Info: New unique counter `rerunfilecheck' on input line 285.
)
\Hy@SectionHShift=\skip58
) (/Users/cambroise/Library/TinyTeX/texmf-dist/tex/generic/babel/babel.sty
Package: babel 2025/03/10 v25.5 The multilingual framework for pdfLaTeX, LuaLaTeX and XeLaTeX
\babel@savecnt=\count302
\U@D=\dimen162
\l@unhyphenated=\language6
 (/Users/cambroise/Library/TinyTeX/texmf-dist/tex/generic/babel/txtbabel.def)
\bbl@readstream=\read2
\bbl@dirlevel=\count303
 (/Users/cambroise/Library/TinyTeX/texmf-dist/tex/generic/babel-english/english.ldf
Language: english 2017/06/06 v3.3r English support from the babel system
Package babel Info: Hyphen rules for 'canadian' set to \l@english
(babel)             (\language0). Reported on input line 102.
Package babel Info: Hyphen rules for 'australian' set to \l@ukenglish
(babel)             (\language3). Reported on input line 105.
Package babel Info: Hyphen rules for 'newzealand' set to \l@ukenglish
(babel)             (\language3). Reported on input line 108.
)) (/Users/cambroise/Library/TinyTeX/texmf-dist/tex/generic/babel/locale/en/babel-english.tex
Package babel Info: Importing font and identification data for english
(babel)             from babel-en.ini. Reported on input line 11.
) (/Users/cambroise/Library/TinyTeX/texmf-dist/tex/latex/base/inputenc.sty
Package: inputenc 2024/02/08 v1.3d Input encoding file
\inpenc@prehook=\toks26
\inpenc@posthook=\toks27
) (/Users/cambroise/Library/TinyTeX/texmf-dist/tex/latex/base/fontenc.sty
Package: fontenc 2021/04/29 v2.0v Standard LaTeX package
) (/Users/cambroise/Library/TinyTeX/texmf-dist/tex/latex/caption/subcaption.sty
Package: subcaption 2023/07/28 v1.6b Sub-captions (AR)
 (/Users/cambroise/Library/TinyTeX/texmf-dist/tex/latex/caption/caption.sty
Package: caption 2023/08/05 v3.6o Customizing captions (AR)
 (/Users/cambroise/Library/TinyTeX/texmf-dist/tex/latex/caption/caption3.sty
Package: caption3 2023/07/31 v2.4d caption3 kernel (AR)
\caption@tempdima=\dimen163
\captionmargin=\dimen164
\caption@leftmargin=\dimen165
\caption@rightmargin=\dimen166
\caption@width=\dimen167
\caption@indent=\dimen168
\caption@parindent=\dimen169
\caption@hangindent=\dimen170
Package caption Info: elsarticle document class detected.
 (/Users/cambroise/Library/TinyTeX/texmf-dist/tex/latex/caption/caption-elsarticle.sto
File: caption-elsarticle.sto 2020/08/22 v2.0 Adaption of the caption package to the elsarticle document class (AR)
))
\c@caption@flags=\count304
\c@continuedfloat=\count305
Package caption Info: hyperref package is loaded.
)
Package caption Info: New subtype `subfigure' on input line 238.
\c@subfigure=\count306
Package caption Info: New subtype `subtable' on input line 238.
\c@subtable=\count307
) (/Users/cambroise/Library/TinyTeX/texmf-dist/tex/latex/lineno/lineno.sty
Package: lineno 2025/01/29 line numbers on paragraphs v5.4
\linenopenalty=\count308
\output=\toks28
\linenoprevgraf=\count309
\linenumbersep=\dimen171
\linenumberwidth=\dimen172
\c@linenumber=\count310
\c@pagewiselinenumber=\count311
\c@LN@truepage=\count312
\c@internallinenumber=\count313
\c@internallinenumbers=\count314
\quotelinenumbersep=\dimen173
\bframerule=\dimen174
\bframesep=\dimen175
\bframebox=\box61
\@LN@amsmath@ams@eqpen=\count315
LaTeX Info: Redefining \\ on input line 3187.
) (/Users/cambroise/Library/TinyTeX/texmf-dist/tex/latex/breqn/breqn.sty
Package: breqn 2021/10/28 v0.98l Breaking equations
 (/Users/cambroise/Library/TinyTeX/texmf-dist/tex/latex/breqn/flexisym.sty
Package: flexisym 2021/10/28 v0.98l Make math characters macros
LaTeX Info: Redefining \textprime on input line 299.
LaTeX Info: Redefining \not on input line 357.
 (/Users/cambroise/Library/TinyTeX/texmf-dist/tex/latex/breqn/cmbase.sym
File: cmbase.sym 2007/12/19 v0.92
LaTeX Info: Redefining \hbar on input line 324.
LaTeX Info: Redefining \surd on input line 326.
LaTeX Info: Redefining \angle on input line 334.
LaTeX Info: Redefining \neq on input line 335.
LaTeX Info: Redefining \mapsto on input line 336.
LaTeX Info: Redefining \cong on input line 337.
LaTeX Info: Redefining \notin on input line 340.
LaTeX Info: Redefining \rightleftharpoons on input line 341.
LaTeX Info: Redefining \doteq on input line 342.
LaTeX Info: Redefining \hookrightarrow on input line 343.
LaTeX Info: Redefining \hookleftarrow on input line 344.
LaTeX Info: Redefining \bowtie on input line 345.
LaTeX Info: Redefining \models on input line 346.
LaTeX Info: Redefining \Longrightarrow on input line 347.
LaTeX Info: Redefining \longrightarrow on input line 348.
LaTeX Info: Redefining \Longleftarrow on input line 349.
LaTeX Info: Redefining \longleftarrow on input line 350.
LaTeX Info: Redefining \longmapsto on input line 351.
LaTeX Info: Redefining \longleftrightarrow on input line 352.
LaTeX Info: Redefining \Longleftrightarrow on input line 353.
LaTeX Info: Redefining \cdots on input line 357.
LaTeX Info: Redefining \vdots on input line 360.
LaTeX Info: Redefining \ddots on input line 365.
) (/Users/cambroise/Library/TinyTeX/texmf-dist/tex/latex/breqn/mathstyle.sty
Package: mathstyle 2021/10/28 v0.98l Tracking mathstyle implicitly
LaTeX Info: Redefining \displaystyle on input line 95.
LaTeX Info: Redefining \textstyle on input line 97.
LaTeX Info: Redefining \scriptstyle on input line 99.
LaTeX Info: Redefining \scriptscriptstyle on input line 101.
LaTeX Info: Redefining \genfrac on input line 149.
)) (/Users/cambroise/Library/TinyTeX/texmf-dist/tex/latex/tools/calc.sty
Package: calc 2023/07/08 v4.3 Infix arithmetic (KKT,FJ)
\calc@Acount=\count316
\calc@Bcount=\count317
\calc@Adimen=\dimen176
\calc@Bdimen=\dimen177
\calc@Askip=\skip59
\calc@Bskip=\skip60
LaTeX Info: Redefining \setlength on input line 80.
LaTeX Info: Redefining \addtolength on input line 81.
\calc@Ccount=\count318
\calc@Cskip=\skip61
)
\inf@bad=\count319
\maxint=\count320
\listwidth=\dimen178
\eqnumsep=\dimen179
\eqmargin=\dimen180
\eqlinespacing=\skip62
\eqlineskip=\skip63
\eqlineskiplimit=\dimen181
\eqbinoffset=\muskip19
\eqdelimoffset=\muskip20
\eqindentstep=\dimen182
\eqstyle=\toks29
\eqbreakdepth=\count321
\eqinterlinepenalty=\count322
\intereqpenalty=\count323
\intereqskip=\skip64
\prerelpenalty=\count324
\prebinoppenalty=\count325
\Dmedmuskip=\muskip21
\Dthickmuskip=\muskip22
\eqleftskip=\skip65
\eqrightskip=\skip66
\eq@vspan=\skip67
\eq@binoffset=\muskip23
\EQ@box=\box62
\EQ@copy=\box63
\EQ@numbox=\box64
\eq@wdNum=\dimen183
\GRP@numbox=\box65
\grp@wdNum=\dimen184
\eq@lines=\count326
\eq@curline=\count327
\eq@badness=\count328
\EQ@vims=\count329
\eq@dp=\dimen185
\eq@wdL=\dimen186
\eq@wdT=\dimen187
\eq@wdMin=\dimen188
\grp@wdL=\dimen189
\grp@wdR=\dimen190
\grp@wdT=\dimen191
\eq@wdRmax=\dimen192
\eq@firstht=\dimen193
\eq@wdCond=\dimen194
\eq@indentstep=\dimen195
\eq@linewidth=\dimen196
\grp@linewidth=\dimen197
\eq@hshift=\dimen198
\eq@given@sidespace=\dimen199
\mathindent=\dimen256
\eq@final@linecount=\count330
\eq@wdR=\dimen257
\EQ@continue=\toks30
\lr@level=\count331
\GRP@queue=\toks31
\GRP@box=\box66
\GRP@wholebox=\box67
\darraycolsep=\skip68
\cur@row=\count332
\cur@col=\count333
\conditionsep=\skip69
)
No file moebius-main.aux.
\openout1 = `moebius-main.aux'.

LaTeX Font Info:    Checking defaults for OML/cmm/m/it on input line 114.
LaTeX Font Info:    ... okay on input line 114.
LaTeX Font Info:    Checking defaults for OMS/cmsy/m/n on input line 114.
LaTeX Font Info:    ... okay on input line 114.
LaTeX Font Info:    Checking defaults for OT1/cmr/m/n on input line 114.
LaTeX Font Info:    ... okay on input line 114.
LaTeX Font Info:    Checking defaults for T1/cmr/m/n on input line 114.
LaTeX Font Info:    ... okay on input line 114.
LaTeX Font Info:    Checking defaults for TS1/cmr/m/n on input line 114.
LaTeX Font Info:    ... okay on input line 114.
LaTeX Font Info:    Checking defaults for OMX/cmex/m/n on input line 114.
LaTeX Font Info:    ... okay on input line 114.
LaTeX Font Info:    Checking defaults for U/cmr/m/n on input line 114.
LaTeX Font Info:    ... okay on input line 114.
LaTeX Font Info:    Checking defaults for PD1/pdf/m/n on input line 114.
LaTeX Font Info:    ... okay on input line 114.
LaTeX Font Info:    Checking defaults for PU/pdf/m/n on input line 114.
LaTeX Font Info:    ... okay on input line 114.
(/Users/cambroise/Library/TinyTeX/texmf-dist/tex/latex/epstopdf-pkg/epstopdf-base.sty
Package: epstopdf-base 2020-01-24 v2.11 Base part for package epstopdf
Package epstopdf-base Info: Redefining graphics rule for `.eps' on input line 485.
 (/Users/cambroise/Library/TinyTeX/texmf-dist/tex/latex/latexconfig/epstopdf-sys.cfg
File: epstopdf-sys.cfg 2010/07/13 v1.3 Configuration of (r)epstopdf for TeX Live
))
Package hyperref Info: Link coloring OFF on input line 114.
\@outlinefile=\write4
\openout4 = `moebius-main.out'.

Package caption Info: Begin \AtBeginDocument code.
Package caption Info: End \AtBeginDocument code.
<Figures/CocoLBMoE.png, id=4, 845.19765pt x 597.6729pt>
File: Figures/CocoLBMoE.png Graphic file (type png)
<use Figures/CocoLBMoE.png>
Package pdftex.def Info: Figures/CocoLBMoE.png  used on input line 170.
(pdftex.def)             Requested size: 390.0pt x 275.781pt.
LaTeX Font Info:    Trying to load font information for U+msa on input line 176.
 (/Users/cambroise/Library/TinyTeX/texmf-dist/tex/latex/amsfonts/umsa.fd
File: umsa.fd 2013/01/14 v3.01 AMS symbols A
)
LaTeX Font Info:    Trying to load font information for U+msb on input line 176.
 (/Users/cambroise/Library/TinyTeX/texmf-dist/tex/latex/amsfonts/umsb.fd
File: umsb.fd 2013/01/14 v3.01 AMS symbols B
)

[1

{/Users/cambroise/Library/TinyTeX/texmf-var/fonts/map/pdftex/updmap/pdftex.map} <./Figures/CocoLBMoE.png>]

[2

]


pdfTeX warning (ext4): destination with the same identifier (name{page.1}) has been already used, duplicate ignored
<to be read again> 
                   \relax 
l.199 \end{frontmatter}
                        [1


] (./introduction.tex

Package natbib Warning: Citation `jacobs1991adaptive' on page 2 undefined on input line 4.


Package natbib Warning: Citation `Collobert2002' on page 2 undefined on input line 8.


Package natbib Warning: Citation `Tresp2001' on page 2 undefined on input line 8.


Package natbib Warning: Citation `Theis2015' on page 2 undefined on input line 8.


Package natbib Warning: Citation `Deisenroth2015' on page 2 undefined on input line 8.


Package natbib Warning: Citation `Shahbaba2009' on page 2 undefined on input line 8.




pdfTeX warning (ext4): destination with the same identifier (name{page.2}) has been already used, duplicate ignored
<to be read again> 
                   \relax 
l.20 \end{itemize}
                   [2]) (./background.tex

Package natbib Warning: Citation `courbariaux2022sparse' on page 3 undefined on input line 6.


Package natbib Warning: Citation `jordan1994hierarchical' on page 3 undefined on input line 6.


Package natbib Warning: Citation `chamroukhi2019regularized' on page 3 undefined on input line 6.


Package natbib Warning: Citation `ma2018modeling' on page 3 undefined on input line 6.


LaTeX Warning: Reference `eq:g_k' on page 3 undefined on input line 16.



[3]

Package natbib Warning: Citation `cai2024survey' on page 4 undefined on input line 18.


Package natbib Warning: Citation `wu2023mole' on page 4 undefined on input line 18.


Package natbib Warning: Citation `pan2024dense' on page 4 undefined on input line 18.


Package natbib Warning: Citation `jiang2024mixtral' on page 4 undefined on input line 18.


Package natbib Warning: Citation `tan2023sparse' on page 4 undefined on input line 18.


Package natbib Warning: Citation `zhou2022mixture' on page 4 undefined on input line 18.


Package natbib Warning: Citation `puigcerver2023sparse' on page 4 undefined on input line 18.


Package natbib Warning: Citation `zadouri2023pushing' on page 4 undefined on input line 18.


Package natbib Warning: Citation `zhou2022mixture' on page 4 undefined on input line 20.


Package natbib Warning: Citation `cai2024survey' on page 4 undefined on input line 27.


Overfull \hbox (1.59187pt too wide) detected at line 40
[][][][]\OT1/cmr/m/n/12 (\OML/cmm/m/it/12 g[]\OT1/cmr/m/n/12 (\OT1/cmr/bx/n/12 X[]\OT1/cmr/m/n/12 ; [])) = []
 []



[4]

Package natbib Warning: Citation `shazeer2017outrageously' on page 5 undefined on input line 49.


Package natbib Warning: Citation `ismail2022interpretable' on page 5 undefined on input line 52.


Package natbib Warning: Citation `shazeer2017outrageously' on page 5 undefined on input line 53.


Package natbib Warning: Citation `lepikhin2020gshard' on page 5 undefined on input line 53.


Package natbib Warning: Citation `fedus2022switch' on page 5 undefined on input line 53.


Package natbib Warning: Citation `zhou2022mixture' on page 5 undefined on input line 53.



[5]

Package natbib Warning: Citation `ma2018modeling' on page 6 undefined on input line 54.


Package natbib Warning: Citation `vermunt2002latent' on page 6 undefined on input line 59.


Package natbib Warning: Citation `desarbo1988maximum' on page 6 undefined on input line 59.



[6]

Package natbib Warning: Citation `proust2014joint' on page 7 undefined on input line 72.


Package natbib Warning: Citation `courbariaux2022sparse' on page 7 undefined on input line 72.


Package natbib Warning: Citation `courbariaux2022sparse' on page 7 undefined on input line 73.


Package natbib Warning: Citation `vu2015variational' on page 7 undefined on input line 82.


Package natbib Warning: Citation `boutalbi2022latent' on page 7 undefined on input line 83.



[7]

LaTeX Warning: Reference `fig: CoCoLBM_MNIST' on page 8 undefined on input line 95.


LaTeX Warning: Reference `fig: CocoLBMoE' on page 8 undefined on input line 97.



[8]
<Figures/MNIST_LBM.png, id=85, 660.4675pt x 340.27126pt>
File: Figures/MNIST_LBM.png Graphic file (type png)
<use Figures/MNIST_LBM.png>
Package pdftex.def Info: Figures/MNIST_LBM.png  used on input line 103.
(pdftex.def)             Requested size: 191.10214pt x 98.45287pt.
<Figures/MNIST_cocoLBM_1.png, id=87, 660.4675pt x 340.27126pt>
File: Figures/MNIST_cocoLBM_1.png Graphic file (type png)
<use Figures/MNIST_cocoLBM_1.png>
Package pdftex.def Info: Figures/MNIST_cocoLBM_1.png  used on input line 110.
(pdftex.def)             Requested size: 191.10214pt x 98.45287pt.
<Figures/MNIST_cocoLBM_8.png, id=88, 660.4675pt x 340.27126pt>
File: Figures/MNIST_cocoLBM_8.png Graphic file (type png)
<use Figures/MNIST_cocoLBM_8.png>
Package pdftex.def Info: Figures/MNIST_cocoLBM_8.png  used on input line 113.
(pdftex.def)             Requested size: 191.10214pt x 98.45287pt.


Package natbib Warning: Citation `goffinet2020conditional' on page 9 undefined on input line 116.


Package natbib Warning: Citation `goffinet2020conditional' on page 9 undefined on input line 116.

) (./algorithm.tex

[9 <./Figures/MNIST_LBM.png> <./Figures/MNIST_cocoLBM_1.png> <./Figures/MNIST_cocoLBM_8.png>]

LaTeX Warning: Reference `sec: MoEBIUS_Model' on page 10 undefined on input line 15.


Package natbib Warning: Citation `courbariaux2022sparse' on page 10 undefined on input line 22.


Package natbib Warning: Citation `goffinet2020conditional' on page 10 undefined on input line 31.



[10]

LaTeX Warning: Reference `sec: CocoLBM' on page 11 undefined on input line 44.

File: Figures/CocoLBMoE.png Graphic file (type png)
<use Figures/CocoLBMoE.png>
Package pdftex.def Info: Figures/CocoLBMoE.png  used on input line 51.
(pdftex.def)             Requested size: 390.0pt x 275.781pt.


[11]

[12]
Overfull \hbox (26.15276pt too wide) in paragraph at lines 71--73
 []\T1/cmr/m/it/12 Multinomial lo-gis-tic re-gres-sion.[] \T1/cmr/m/n/12 For the case where the sup-port of $\OT1/cmr/bx/n/12 y$ \T1/cmr/m/n/12 is $[][]$,
 []


LaTeX Warning: Reference `fig: MoEBIUS Rep Graphique' on page 13 undefined on input line 79.

<Figures/CocoLBMoE_repres.png, id=121, 450.68375pt x 268.00125pt>
File: Figures/CocoLBMoE_repres.png Graphic file (type png)
<use Figures/CocoLBMoE_repres.png>
Package pdftex.def Info: Figures/CocoLBMoE_repres.png  used on input line 85.
(pdftex.def)             Requested size: 234.00238pt x 139.15288pt.

Overfull \hbox (9.69179pt too wide) detected at line 99
[]
 []


Package natbib Warning: Citation `goffinet2020conditional' on page 13 undefined on input line 139.


Package natbib Warning: Citation `schwarz1978estimating' on page 13 undefined on input line 139.



[13]

[14 <./Figures/CocoLBMoE_repres.png>])
No file moebius-main.bbl.
(./optimization.tex

LaTeX Warning: Reference `sec: VEM_mimiSBM_freq' on page 15 undefined on input line 3.


Package natbib Warning: Citation `keribin2012model' on page 15 undefined on input line 7.


Package natbib Warning: Citation `gelfand1990illustration' on page 15 undefined on input line 7.


Package natbib Warning: Citation `yildirim2012bayesian' on page 15 undefined on input line 7.


Package natbib Warning: Citation `tobin2024co' on page 15 undefined on input line 7.


Overfull \hbox (31.7428pt too wide) detected at line 14
[][][]\OMS/cmsy/m/n/12 J [] \OT1/cmr/m/n/12 = \U/msb/m/n/12 E[] [] \OML/cmm/m/it/12 :
 []



[15]

[16]

[17]
Overfull \hbox (12.69104pt too wide) detected at line 100
[][][][] [] \OT1/cmr/m/n/12 = [] [] \OML/cmm/m/it/12 ;
 []

)

Package natbib Warning: There were undefined citations.



[18] (./moebius-main.aux)
 ***********
LaTeX2e <2024-11-01> patch level 2
L3 programming layer <2025-01-18>
 ***********


LaTeX Warning: There were undefined references.


LaTeX Warning: Label(s) may have changed. Rerun to get cross-references right.


Package rerunfilecheck Warning: File `moebius-main.out' has changed.
(rerunfilecheck)                Rerun to get outlines right
(rerunfilecheck)                or use package `bookmark'.

Package rerunfilecheck Info: Checksums for `moebius-main.out':
(rerunfilecheck)             Before: <no file>
(rerunfilecheck)             After:  6F1CDB394A5A83B31B50DE3834E722DE;1842.
 ) 
Here is how much of TeX's memory you used:
 14185 strings out of 475110
 224965 string characters out of 5763025
 627851 words of memory out of 5000000
 36923 multiletter control sequences out of 15000+600000
 578025 words of font info for 91 fonts, out of 8000000 for 9000
 36 hyphenation exceptions out of 8191
 75i,19n,86p,952b,692s stack positions out of 10000i,1000n,20000p,200000b,200000s
 </Users/cambroise/Library/TinyTeX/texmf-var/fonts/pk/ljfour/jknappen/ec/ectt1200.600pk> </Users/cambroise/Library/TinyTeX/texmf-var/fonts/pk/ljfour/jknappen/ec/ecbx1000.600pk> </Users/cambroise/Library/TinyTeX/texmf-var/fonts/pk/ljfour/jknappen/ec/ecti1200.600pk> </Users/cambroise/Library/TinyTeX/texmf-var/fonts/pk/ljfour/jknappen/ec/ecti0700.600pk> </Users/cambroise/Library/TinyTeX/texmf-var/fonts/pk/ljfour/jknappen/ec/ecrm0800.600pk> </Users/cambroise/Library/TinyTeX/texmf-var/fonts/pk/ljfour/jknappen/ec/tcrm1200.600pk> </Users/cambroise/Library/TinyTeX/texmf-var/fonts/pk/ljfour/jknappen/ec/ecti1000.600pk> </Users/cambroise/Library/TinyTeX/texmf-var/fonts/pk/ljfour/jknappen/ec/ecrm1000.600pk> </Users/cambroise/Library/TinyTeX/texmf-var/fonts/pk/ljfour/jknappen/ec/ecrm1200.600pk> </Users/cambroise/Library/TinyTeX/texmf-var/fonts/pk/ljfour/jknappen/ec/ecbx1200.600pk> </Users/cambroise/Library/TinyTeX/texmf-var/fonts/pk/ljfour/jknappen/ec/ecrm1728.600pk></Users/cambroise/Library/TinyTeX/texmf-dist/fonts/type1/public/amsfonts/cm/cmbx10.pfb></Users/cambroise/Library/TinyTeX/texmf-dist/fonts/type1/public/amsfonts/cm/cmbx12.pfb></Users/cambroise/Library/TinyTeX/texmf-dist/fonts/type1/public/amsfonts/cm/cmbx8.pfb></Users/cambroise/Library/TinyTeX/texmf-dist/fonts/type1/public/amsfonts/cm/cmex10.pfb></Users/cambroise/Library/TinyTeX/texmf-dist/fonts/type1/public/amsfonts/cm/cmmi10.pfb></Users/cambroise/Library/TinyTeX/texmf-dist/fonts/type1/public/amsfonts/cm/cmmi12.pfb></Users/cambroise/Library/TinyTeX/texmf-dist/fonts/type1/public/amsfonts/cm/cmmi6.pfb></Users/cambroise/Library/TinyTeX/texmf-dist/fonts/type1/public/amsfonts/cm/cmmi7.pfb></Users/cambroise/Library/TinyTeX/texmf-dist/fonts/type1/public/amsfonts/cm/cmmi8.pfb></Users/cambroise/Library/TinyTeX/texmf-dist/fonts/type1/public/amsfonts/cm/cmmib10.pfb></Users/cambroise/Library/TinyTeX/texmf-dist/fonts/type1/public/amsfonts/cmextra/cmmib8.pfb></Users/cambroise/Library/TinyTeX/texmf-dist/fonts/type1/public/amsfonts/cm/cmr10.pfb></Users/cambroise/Library/TinyTeX/texmf-dist/fonts/type1/public/amsfonts/cm/cmr12.pfb></Users/cambroise/Library/TinyTeX/texmf-dist/fonts/type1/public/amsfonts/cm/cmr6.pfb></Users/cambroise/Library/TinyTeX/texmf-dist/fonts/type1/public/amsfonts/cm/cmr8.pfb></Users/cambroise/Library/TinyTeX/texmf-dist/fonts/type1/public/amsfonts/cm/cmsy10.pfb></Users/cambroise/Library/TinyTeX/texmf-dist/fonts/type1/public/amsfonts/cm/cmsy6.pfb></Users/cambroise/Library/TinyTeX/texmf-dist/fonts/type1/public/amsfonts/cm/cmsy8.pfb></Users/cambroise/Library/TinyTeX/texmf-dist/fonts/type1/public/amsfonts/symbols/msbm10.pfb>
Output written on moebius-main.pdf (20 pages, 551418 bytes).
PDF statistics:
 629 PDF objects out of 1000 (max. 8388607)
 238 compressed objects within 3 object streams
 71 named destinations out of 1000 (max. 500000)
 26 words of extra memory for PDF output out of 10000 (max. 10000000)

